<?xml version="1.0" encoding="UTF-8"?>
<testsuite name="test.TestCantidades" tests="2" skipped="0" failures="0" errors="0" timestamp="2024-12-16T20:42:49" hostname="DESKTOP-0JTCCFI" time="0.025">
  <properties/>
  <testcase name="testCantidadTipos()" classname="test.TestCantidades" time="0.02"/>
  <testcase name="testCantidadVehiculos()" classname="test.TestCantidades" time="0.002"/>
  <system-out><![CDATA[]]></system-out>
  <system-err><![CDATA[]]></system-err>
</testsuite>
